# JRE version: OpenJDK Runtime Environment (21.0.4) (build 21.0.4+-12508038-b607.1)
# Java VM: OpenJDK 64-Bit Server VM (21.0.4+-12508038-b607.1, mixed mode, tiered, compressed oops, compressed class ptrs, g1 gc, windows-amd64)
GC Precious Log:
 CardTable entry size: 512
 Card Set container configuration: InlinePtr #cards 5 size 8 Array Of Cards #cards 12 size 40 Howl #buckets 4 coarsen threshold 1843 Howl Bitmap #cards 512 size 80 coarsen threshold 460 Card regions per heap region 1 cards per card region 2048
 CPUs: 4 total, 4 available
 Memory: 3863M
 Large Page Support: Disabled
 NUMA Support: Disabled
 Compressed Oops: Enabled (32-bit)
 Heap Region Size: 1M
 Heap Min Capacity: 8M
 Heap Initial Capacity: 62M
 Heap Max Capacity: 2G
 Pre-touch: Disabled
 Parallel Workers: 4
 Concurrent Workers: 1
 Concurrent Refinement Workers: 4
 Periodic GC: Disabled
Heap:
 garbage-first heap   total 63488K, used 26627K [0x0000000080000000, 0x0000000100000000)
  region size 1024K, 7 young (7168K), 4 survivors (4096K)
 Metaspace       used 30392K, committed 31040K, reserved 1114112K
  class space    used 3899K, committed 4224K, reserved 1048576K
GC Heap History (12 events):
Event: 4.520 GC heap before
{Heap before GC invocations=0 (full 0):
 garbage-first heap   total 63488K, used 13312K [0x0000000080000000, 0x0000000100000000)
  region size 1024K, 13 young (13312K), 0 survivors (0K)
 Metaspace       used 7391K, committed 7488K, reserved 1114112K
  class space    used 669K, committed 704K, reserved 1048576K
}
Event: 4.527 GC heap after
{Heap after GC invocations=1 (full 0):
 garbage-first heap   total 63488K, used 1344K [0x0000000080000000, 0x0000000100000000)
  region size 1024K, 2 young (2048K), 2 survivors (2048K)
 Metaspace       used 7391K, committed 7488K, reserved 1114112K
  class space    used 669K, committed 704K, reserved 1048576K
}
Event: 13.605 GC heap before
{Heap before GC invocations=1 (full 0):
 garbage-first heap   total 63488K, used 30016K [0x0000000080000000, 0x0000000100000000)
  region size 1024K, 27 young (27648K), 2 survivors (2048K)
 Metaspace       used 11629K, committed 11776K, reserved 1114112K
  class space    used 1222K, committed 1280K, reserved 1048576K
}
Event: 13.615 GC heap after
{Heap after GC invocations=2 (full 0):
 garbage-first heap   total 63488K, used 10993K [0x0000000080000000, 0x0000000100000000)
  region size 1024K, 4 young (4096K), 4 survivors (4096K)
 Metaspace       used 11629K, committed 11776K, reserved 1114112K
  class space    used 1222K, committed 1280K, reserved 1048576K
}
Event: 16.965 GC heap before
{Heap before GC invocations=2 (full 0):
 garbage-first heap   total 63488K, used 43761K [0x0000000080000000, 0x0000000100000000)
  region size 1024K, 36 young (36864K), 4 survivors (4096K)
 Metaspace       used 12187K, committed 12416K, reserved 1114112K
  class space    used 1278K, committed 1408K, reserved 1048576K
}
Event: 16.972 GC heap after
{Heap after GC invocations=3 (full 0):
 garbage-first heap   total 63488K, used 12288K [0x0000000080000000, 0x0000000100000000)
  region size 1024K, 1 young (1024K), 1 survivors (1024K)
 Metaspace       used 12187K, committed 12416K, reserved 1114112K
  class space    used 1278K, committed 1408K, reserved 1048576K
}
Event: 25.300 GC heap before
{Heap before GC invocations=3 (full 0):
 garbage-first heap   total 63488K, used 47104K [0x0000000080000000, 0x0000000100000000)
  region size 1024K, 33 young (33792K), 1 survivors (1024K)
 Metaspace       used 15651K, committed 15936K, reserved 1114112K
  class space    used 1727K, committed 1856K, reserved 1048576K
}
Event: 25.310 GC heap after
{Heap after GC invocations=4 (full 0):
 garbage-first heap   total 63488K, used 18828K [0x0000000080000000, 0x0000000100000000)
  region size 1024K, 5 young (5120K), 5 survivors (5120K)
 Metaspace       used 15651K, committed 15936K, reserved 1114112K
  class space    used 1727K, committed 1856K, reserved 1048576K
}
Event: 26.586 GC heap before
{Heap before GC invocations=4 (full 0):
 garbage-first heap   total 63488K, used 35212K [0x0000000080000000, 0x0000000100000000)
  region size 1024K, 22 young (22528K), 5 survivors (5120K)
 Metaspace       used 21236K, committed 21504K, reserved 1114112K
  class space    used 2424K, committed 2560K, reserved 1048576K
}
Event: 26.595 GC heap after
{Heap after GC invocations=5 (full 0):
 garbage-first heap   total 63488K, used 21448K [0x0000000080000000, 0x0000000100000000)
  region size 1024K, 3 young (3072K), 3 survivors (3072K)
 Metaspace       used 21236K, committed 21504K, reserved 1114112K
  class space    used 2424K, committed 2560K, reserved 1048576K
}
Event: 27.677 GC heap before
{Heap before GC invocations=6 (full 0):
 garbage-first heap   total 63488K, used 48072K [0x0000000080000000, 0x0000000100000000)
  region size 1024K, 29 young (29696K), 3 survivors (3072K)
 Metaspace       used 26275K, committed 26752K, reserved 1114112K
  class space    used 3168K, committed 3392K, reserved 1048576K
}
Event: 27.682 GC heap after
{Heap after GC invocations=7 (full 0):
 garbage-first heap   total 63488K, used 22987K [0x0000000080000000, 0x0000000100000000)
  region size 1024K, 4 young (4096K), 4 survivors (4096K)
 Metaspace       used 26275K, committed 26752K, reserved 1114112K
  class space    used 3168K, committed 3392K, reserved 1048576K
}

