# JRE version: OpenJDK Runtime Environment (21.0.4) (build 21.0.4+-12508038-b607.1)
# Java VM: OpenJDK 64-Bit Server VM (21.0.4+-12508038-b607.1, mixed mode, tiered, compressed oops, compressed class ptrs, g1 gc, windows-amd64)
GC Precious Log:
 CardTable entry size: 512
 Card Set container configuration: InlinePtr #cards 5 size 8 Array Of Cards #cards 12 size 40 Howl #buckets 4 coarsen threshold 1843 Howl Bitmap #cards 512 size 80 coarsen threshold 460 Card regions per heap region 1 cards per card region 2048
 CPUs: 4 total, 4 available
 Memory: 3863M
 Large Page Support: Disabled
 NUMA Support: Disabled
 Compressed Oops: Enabled (32-bit)
 Heap Region Size: 1M
 Heap Min Capacity: 8M
 Heap Initial Capacity: 62M
 Heap Max Capacity: 2G
 Pre-touch: Disabled
 Parallel Workers: 4
 Concurrent Workers: 1
 Concurrent Refinement Workers: 4
 Periodic GC: Disabled
Heap:
 garbage-first heap   total 122880K, used 74728K [0x0000000080000000, 0x0000000100000000)
  region size 1024K, 3 young (3072K), 3 survivors (3072K)
 Metaspace       used 62795K, committed 64448K, reserved 1114112K
  class space    used 8417K, committed 9216K, reserved 1048576K
GC Heap History (20 events):
Event: 5.155 GC heap after
{Heap after GC invocations=14 (full 0):
 garbage-first heap   total 76800K, used 44527K [0x0000000080000000, 0x0000000100000000)
  region size 1024K, 2 young (2048K), 2 survivors (2048K)
 Metaspace       used 40040K, committed 41088K, reserved 1114112K
  class space    used 5489K, committed 6016K, reserved 1048576K
}
Event: 5.506 GC heap before
{Heap before GC invocations=14 (full 0):
 garbage-first heap   total 76800K, used 65007K [0x0000000080000000, 0x0000000100000000)
  region size 1024K, 22 young (22528K), 2 survivors (2048K)
 Metaspace       used 42995K, committed 44224K, reserved 1114112K
  class space    used 5979K, committed 6592K, reserved 1048576K
}
Event: 5.510 GC heap after
{Heap after GC invocations=15 (full 0):
 garbage-first heap   total 76800K, used 45814K [0x0000000080000000, 0x0000000100000000)
  region size 1024K, 3 young (3072K), 3 survivors (3072K)
 Metaspace       used 42995K, committed 44224K, reserved 1114112K
  class space    used 5979K, committed 6592K, reserved 1048576K
}
Event: 5.910 GC heap before
{Heap before GC invocations=16 (full 0):
 garbage-first heap   total 78848K, used 65270K [0x0000000080000000, 0x0000000100000000)
  region size 1024K, 23 young (23552K), 3 survivors (3072K)
 Metaspace       used 47836K, committed 49152K, reserved 1114112K
  class space    used 6515K, committed 7168K, reserved 1048576K
}
Event: 5.915 GC heap after
{Heap after GC invocations=17 (full 0):
 garbage-first heap   total 78848K, used 48210K [0x0000000080000000, 0x0000000100000000)
  region size 1024K, 3 young (3072K), 3 survivors (3072K)
 Metaspace       used 47836K, committed 49152K, reserved 1114112K
  class space    used 6515K, committed 7168K, reserved 1048576K
}
Event: 6.096 GC heap before
{Heap before GC invocations=17 (full 0):
 garbage-first heap   total 78848K, used 67666K [0x0000000080000000, 0x0000000100000000)
  region size 1024K, 23 young (23552K), 3 survivors (3072K)
 Metaspace       used 49020K, committed 50240K, reserved 1114112K
  class space    used 6626K, committed 7232K, reserved 1048576K
}
Event: 6.104 GC heap after
{Heap after GC invocations=18 (full 0):
 garbage-first heap   total 78848K, used 50887K [0x0000000080000000, 0x0000000100000000)
  region size 1024K, 3 young (3072K), 3 survivors (3072K)
 Metaspace       used 49020K, committed 50240K, reserved 1114112K
  class space    used 6626K, committed 7232K, reserved 1048576K
}
Event: 6.299 GC heap before
{Heap before GC invocations=18 (full 0):
 garbage-first heap   total 78848K, used 62151K [0x0000000080000000, 0x0000000100000000)
  region size 1024K, 16 young (16384K), 3 survivors (3072K)
 Metaspace       used 49552K, committed 50880K, reserved 1114112K
  class space    used 6681K, committed 7360K, reserved 1048576K
}
Event: 6.302 GC heap after
{Heap after GC invocations=19 (full 0):
 garbage-first heap   total 95232K, used 51745K [0x0000000080000000, 0x0000000100000000)
  region size 1024K, 3 young (3072K), 3 survivors (3072K)
 Metaspace       used 49552K, committed 50880K, reserved 1114112K
  class space    used 6681K, committed 7360K, reserved 1048576K
}
Event: 6.890 GC heap before
{Heap before GC invocations=20 (full 0):
 garbage-first heap   total 97280K, used 86561K [0x0000000080000000, 0x0000000100000000)
  region size 1024K, 32 young (32768K), 3 survivors (3072K)
 Metaspace       used 53937K, committed 55424K, reserved 1114112K
  class space    used 7262K, committed 8000K, reserved 1048576K
}
Event: 6.899 GC heap after
{Heap after GC invocations=21 (full 0):
 garbage-first heap   total 97280K, used 53307K [0x0000000080000000, 0x0000000100000000)
  region size 1024K, 4 young (4096K), 4 survivors (4096K)
 Metaspace       used 53937K, committed 55424K, reserved 1114112K
  class space    used 7262K, committed 8000K, reserved 1048576K
}
Event: 7.715 GC heap before
{Heap before GC invocations=21 (full 0):
 garbage-first heap   total 97280K, used 92219K [0x0000000080000000, 0x0000000100000000)
  region size 1024K, 35 young (35840K), 4 survivors (4096K)
 Metaspace       used 56390K, committed 57856K, reserved 1114112K
  class space    used 7637K, committed 8384K, reserved 1048576K
}
Event: 7.725 GC heap after
{Heap after GC invocations=22 (full 0):
 garbage-first heap   total 102400K, used 64067K [0x0000000080000000, 0x0000000100000000)
  region size 1024K, 5 young (5120K), 5 survivors (5120K)
 Metaspace       used 56390K, committed 57856K, reserved 1114112K
  class space    used 7637K, committed 8384K, reserved 1048576K
}
Event: 7.831 GC heap before
{Heap before GC invocations=22 (full 0):
 garbage-first heap   total 102400K, used 69187K [0x0000000080000000, 0x0000000100000000)
  region size 1024K, 11 young (11264K), 5 survivors (5120K)
 Metaspace       used 56631K, committed 58176K, reserved 1114112K
  class space    used 7682K, committed 8448K, reserved 1048576K
}
Event: 7.840 GC heap after
{Heap after GC invocations=23 (full 0):
 garbage-first heap   total 102400K, used 66518K [0x0000000080000000, 0x0000000100000000)
  region size 1024K, 3 young (3072K), 3 survivors (3072K)
 Metaspace       used 56631K, committed 58176K, reserved 1114112K
  class space    used 7682K, committed 8448K, reserved 1048576K
}
Event: 8.233 GC heap before
{Heap before GC invocations=24 (full 0):
 garbage-first heap   total 122880K, used 90070K [0x0000000080000000, 0x0000000100000000)
  region size 1024K, 19 young (19456K), 3 survivors (3072K)
 Metaspace       used 58767K, committed 60352K, reserved 1114112K
  class space    used 7855K, committed 8640K, reserved 1048576K
}
Event: 8.238 GC heap after
{Heap after GC invocations=25 (full 0):
 garbage-first heap   total 122880K, used 74239K [0x0000000080000000, 0x0000000100000000)
  region size 1024K, 2 young (2048K), 2 survivors (2048K)
 Metaspace       used 58767K, committed 60352K, reserved 1114112K
  class space    used 7855K, committed 8640K, reserved 1048576K
}
Event: 8.448 GC heap before
{Heap before GC invocations=25 (full 0):
 garbage-first heap   total 122880K, used 97791K [0x0000000080000000, 0x0000000100000000)
  region size 1024K, 25 young (25600K), 2 survivors (2048K)
 Metaspace       used 59307K, committed 60928K, reserved 1114112K
  class space    used 7937K, committed 8704K, reserved 1048576K
}
Event: 8.451 GC heap after
{Heap after GC invocations=26 (full 0):
 garbage-first heap   total 122880K, used 73901K [0x0000000080000000, 0x0000000100000000)
  region size 1024K, 2 young (2048K), 2 survivors (2048K)
 Metaspace       used 59307K, committed 60928K, reserved 1114112K
  class space    used 7937K, committed 8704K, reserved 1048576K
}
Event: 8.756 GC heap before
{Heap before GC invocations=26 (full 0):
 garbage-first heap   total 122880K, used 99501K [0x0000000080000000, 0x0000000100000000)
  region size 1024K, 27 young (27648K), 2 survivors (2048K)
 Metaspace       used 62795K, committed 64448K, reserved 1114112K
  class space    used 8417K, committed 9216K, reserved 1048576K
}

