# JRE version: OpenJDK Runtime Environment (21.0.4) (build 21.0.4+-12508038-b607.1)
# Java VM: OpenJDK 64-Bit Server VM (21.0.4+-12508038-b607.1, mixed mode, tiered, compressed oops, compressed class ptrs, g1 gc, windows-amd64)
GC Precious Log:
 CardTable entry size: 512
 Card Set container configuration: InlinePtr #cards 5 size 8 Array Of Cards #cards 12 size 40 Howl #buckets 4 coarsen threshold 1843 Howl Bitmap #cards 512 size 80 coarsen threshold 460 Card regions per heap region 1 cards per card region 2048
 CPUs: 4 total, 4 available
 Memory: 3863M
 Large Page Support: Disabled
 NUMA Support: Disabled
 Compressed Oops: Enabled (32-bit)
 Heap Region Size: 1M
 Heap Min Capacity: 8M
 Heap Initial Capacity: 62M
 Heap Max Capacity: 2G
 Pre-touch: Disabled
 Parallel Workers: 4
 Concurrent Workers: 1
 Concurrent Refinement Workers: 4
 Periodic GC: Disabled
Heap:
 garbage-first heap   total 162816K, used 146289K [0x0000000080000000, 0x0000000100000000)
  region size 1024K, 55 young (56320K), 7 survivors (7168K)
 Metaspace       used 88399K, committed 90368K, reserved 1179648K
  class space    used 12229K, committed 13184K, reserved 1048576K
GC Heap History (20 events):
Event: 18.016 GC heap after
{Heap after GC invocations=25 (full 0):
 garbage-first heap   total 100352K, used 73776K [0x0000000080000000, 0x0000000100000000)
  region size 1024K, 4 young (4096K), 4 survivors (4096K)
 Metaspace       used 57273K, committed 58816K, reserved 1114112K
  class space    used 7734K, committed 8512K, reserved 1048576K
}
Event: 18.322 GC heap before
{Heap before GC invocations=25 (full 0):
 garbage-first heap   total 100352K, used 90160K [0x0000000080000000, 0x0000000100000000)
  region size 1024K, 19 young (19456K), 4 survivors (4096K)
 Metaspace       used 58987K, committed 60608K, reserved 1114112K
  class space    used 7862K, committed 8640K, reserved 1048576K
}
Event: 18.327 GC heap after
{Heap after GC invocations=26 (full 0):
 garbage-first heap   total 100352K, used 74144K [0x0000000080000000, 0x0000000100000000)
  region size 1024K, 1 young (1024K), 1 survivors (1024K)
 Metaspace       used 58987K, committed 60608K, reserved 1114112K
  class space    used 7862K, committed 8640K, reserved 1048576K
}
Event: 18.467 GC heap before
{Heap before GC invocations=26 (full 0):
 garbage-first heap   total 100352K, used 92576K [0x0000000080000000, 0x0000000100000000)
  region size 1024K, 19 young (19456K), 1 survivors (1024K)
 Metaspace       used 59410K, committed 61056K, reserved 1114112K
  class space    used 7924K, committed 8704K, reserved 1048576K
}
Event: 18.468 GC heap after
{Heap after GC invocations=27 (full 0):
 garbage-first heap   total 100352K, used 74278K [0x0000000080000000, 0x0000000100000000)
  region size 1024K, 1 young (1024K), 1 survivors (1024K)
 Metaspace       used 59410K, committed 61056K, reserved 1114112K
  class space    used 7924K, committed 8704K, reserved 1048576K
}
Event: 18.796 GC heap before
{Heap before GC invocations=28 (full 0):
 garbage-first heap   total 124928K, used 91686K [0x0000000080000000, 0x0000000100000000)
  region size 1024K, 18 young (18432K), 1 survivors (1024K)
 Metaspace       used 61581K, committed 63232K, reserved 1114112K
  class space    used 8245K, committed 9024K, reserved 1048576K
}
Event: 18.805 GC heap after
{Heap after GC invocations=29 (full 0):
 garbage-first heap   total 124928K, used 74946K [0x0000000080000000, 0x0000000100000000)
  region size 1024K, 2 young (2048K), 2 survivors (2048K)
 Metaspace       used 61581K, committed 63232K, reserved 1114112K
  class space    used 8245K, committed 9024K, reserved 1048576K
}
Event: 19.715 GC heap before
{Heap before GC invocations=29 (full 0):
 garbage-first heap   total 124928K, used 110786K [0x0000000080000000, 0x0000000100000000)
  region size 1024K, 38 young (38912K), 2 survivors (2048K)
 Metaspace       used 66817K, committed 68480K, reserved 1114112K
  class space    used 9007K, committed 9856K, reserved 1048576K
}
Event: 19.726 GC heap after
{Heap after GC invocations=30 (full 0):
 garbage-first heap   total 150528K, used 76035K [0x0000000080000000, 0x0000000100000000)
  region size 1024K, 3 young (3072K), 3 survivors (3072K)
 Metaspace       used 66817K, committed 68480K, reserved 1114112K
  class space    used 9007K, committed 9856K, reserved 1048576K
}
Event: 21.147 GC heap before
{Heap before GC invocations=30 (full 0):
 garbage-first heap   total 150528K, used 134403K [0x0000000080000000, 0x0000000100000000)
  region size 1024K, 60 young (61440K), 3 survivors (3072K)
 Metaspace       used 72455K, committed 74240K, reserved 1114112K
  class space    used 9887K, committed 10752K, reserved 1048576K
}
Event: 21.162 GC heap after
{Heap after GC invocations=31 (full 0):
 garbage-first heap   total 150528K, used 80717K [0x0000000080000000, 0x0000000100000000)
  region size 1024K, 8 young (8192K), 8 survivors (8192K)
 Metaspace       used 72455K, committed 74240K, reserved 1114112K
  class space    used 9887K, committed 10752K, reserved 1048576K
}
Event: 22.940 GC heap before
{Heap before GC invocations=32 (full 0):
 garbage-first heap   total 150528K, used 131917K [0x0000000080000000, 0x0000000100000000)
  region size 1024K, 59 young (60416K), 8 survivors (8192K)
 Metaspace       used 73206K, committed 75072K, reserved 1114112K
  class space    used 9908K, committed 10816K, reserved 1048576K
}
Event: 22.959 GC heap after
{Heap after GC invocations=33 (full 0):
 garbage-first heap   total 150528K, used 83532K [0x0000000080000000, 0x0000000100000000)
  region size 1024K, 4 young (4096K), 4 survivors (4096K)
 Metaspace       used 73206K, committed 75072K, reserved 1114112K
  class space    used 9908K, committed 10816K, reserved 1048576K
}
Event: 25.164 GC heap before
{Heap before GC invocations=33 (full 0):
 garbage-first heap   total 150528K, used 134732K [0x0000000080000000, 0x0000000100000000)
  region size 1024K, 55 young (56320K), 4 survivors (4096K)
 Metaspace       used 73242K, committed 75072K, reserved 1114112K
  class space    used 9909K, committed 10816K, reserved 1048576K
}
Event: 25.174 GC heap after
{Heap after GC invocations=34 (full 0):
 garbage-first heap   total 150528K, used 84762K [0x0000000080000000, 0x0000000100000000)
  region size 1024K, 5 young (5120K), 5 survivors (5120K)
 Metaspace       used 73242K, committed 75072K, reserved 1114112K
  class space    used 9909K, committed 10816K, reserved 1048576K
}
Event: 26.178 GC heap before
{Heap before GC invocations=34 (full 0):
 garbage-first heap   total 150528K, used 134938K [0x0000000080000000, 0x0000000100000000)
  region size 1024K, 55 young (56320K), 5 survivors (5120K)
 Metaspace       used 78769K, committed 80576K, reserved 1179648K
  class space    used 11065K, committed 11968K, reserved 1048576K
}
Event: 26.185 GC heap after
{Heap after GC invocations=35 (full 0):
 garbage-first heap   total 150528K, used 86632K [0x0000000080000000, 0x0000000100000000)
  region size 1024K, 4 young (4096K), 4 survivors (4096K)
 Metaspace       used 78769K, committed 80576K, reserved 1179648K
  class space    used 11065K, committed 11968K, reserved 1048576K
}
Event: 26.977 GC heap before
{Heap before GC invocations=36 (full 0):
 garbage-first heap   total 150528K, used 137832K [0x0000000080000000, 0x0000000100000000)
  region size 1024K, 54 young (55296K), 4 survivors (4096K)
 Metaspace       used 86970K, committed 88832K, reserved 1179648K
  class space    used 12075K, committed 12992K, reserved 1048576K
}
Event: 26.983 GC heap after
{Heap after GC invocations=37 (full 0):
 garbage-first heap   total 150528K, used 87921K [0x0000000080000000, 0x0000000100000000)
  region size 1024K, 5 young (5120K), 5 survivors (5120K)
 Metaspace       used 86970K, committed 88832K, reserved 1179648K
  class space    used 12075K, committed 12992K, reserved 1048576K
}
Event: 27.506 GC heap before
{Heap before GC invocations=37 (full 0):
 garbage-first heap   total 150528K, used 145265K [0x0000000080000000, 0x0000000100000000)
  region size 1024K, 53 young (54272K), 5 survivors (5120K)
 Metaspace       used 88399K, committed 90368K, reserved 1179648K
  class space    used 12229K, committed 13184K, reserved 1048576K
}

